Arguments: 
  /usr/bin/node /usr/bin/yarn add eslint @typescript/eslint typescript --dev

PATH: 
  /home/rwietter/.local/bin/lvim:~/Android/Sdk/emulator:/home/rwietter/.cabal/bin:/home/rwietter/.npm-global/bin:/home/rwietter/.cargo/bin:/usr/local/sbin:/usr/local/bin:/usr/bin:/usr/lib/jvm/default/bin:/usr/bin/site_perl:/usr/bin/vendor_perl:/usr/bin/core_perl:/home/rwietter/.yarn/bin:/home/rwietter/Documentos/github/type-challenges/flutter/bin:~/Android/Sdk/emulator:~/Android/Sdk/tools:~/Android/Sdk/tools/bin:~/Android/Sdk/platform-tools:~/android-studio/bin:/usr/lib/dart/bin:~/Android/Sdk/emulator:~/Android/Sdk/platform-tools/:~/Android/Sdk/tools/bin/:~/Android/Sdk/tools/:/home/rwietter/.config/composer/vendor/laravel/installer/bin

Yarn version: 
  1.22.19

Node version: 
  16.19.0

Platform: 
  linux x64

Trace: 
  Error: https://registry.yarnpkg.com/@typescript%2feslint: Not found
      at Request.params.callback [as _callback] (/usr/lib/node_modules/yarn/lib/cli.js:66145:18)
      at Request.self.callback (/usr/lib/node_modules/yarn/lib/cli.js:140890:22)
      at Request.emit (node:events:513:28)
      at Request.<anonymous> (/usr/lib/node_modules/yarn/lib/cli.js:141862:10)
      at Request.emit (node:events:513:28)
      at IncomingMessage.<anonymous> (/usr/lib/node_modules/yarn/lib/cli.js:141784:12)
      at Object.onceWrapper (node:events:627:28)
      at IncomingMessage.emit (node:events:525:35)
      at endReadableNT (node:internal/streams/readable:1358:12)
      at processTicksAndRejections (node:internal/process/task_queues:83:21)

npm manifest: 
  {
    "name": "type-challenges",
    "version": "1.0.0",
    "main": "index.js",
    "license": "MIT"
  }

yarn manifest: 
  No manifest

Lockfile: 
  No lockfile
